<?xml version="1.0" encoding="UTF-8"?>
<!-- Generated by org.testng.reporters.JUnitReportReporter -->
<testsuite hostname="DESKTOP-5DVAIBA" failures="0" tests="1" name="com.testng.Exepected_Exception" time="0.009" errors="0" timestamp="2023-08-18T15:31:13 IST" skipped="0">
  <testcase classname="com.testng.Exepected_Exception" name="demo" time="0.009"/>
</testsuite> <!-- com.testng.Exepected_Exception -->
