<?xml version="1.0" encoding="UTF-8"?>
<!-- Generated by org.testng.reporters.JUnitReportReporter -->
<testsuite hostname="DESKTOP-5DVAIBA" failures="0" tests="1" name="com.testng.SoftAssertConc" time="0.027" errors="0" timestamp="2023-08-18T12:53:25 IST" skipped="0">
  <testcase classname="com.testng.SoftAssertConc" name="demo" time="0.027"/>
</testsuite> <!-- com.testng.SoftAssertConc -->
