<?xml version="1.0" encoding="UTF-8"?>
<!-- Generated by org.testng.reporters.JUnitReportReporter -->
<testsuite hostname="DESKTOP-5DVAIBA" failures="0" tests="1" name="com.testng.Timeoutconcept" time="7.557" errors="0" timestamp="2023-08-18T09:48:23 IST" skipped="0">
  <testcase classname="com.testng.Timeoutconcept" name="login" time="7.557"/>
</testsuite> <!-- com.testng.Timeoutconcept -->
