<?xml version="1.0" encoding="UTF-8"?>
<!-- Generated by org.testng.reporters.JUnitReportReporter -->
<testsuite hostname="DESKTOP-5DVAIBA" failures="0" tests="3" name="com.testng.Simple_Annotations" time="0.011" errors="0" timestamp="2023-08-16T12:23:20 IST" skipped="0">
  <testcase classname="com.testng.Simple_Annotations" name="kids" time="0.007"/>
  <testcase classname="com.testng.Simple_Annotations" name="men" time="0.003"/>
  <testcase classname="com.testng.Simple_Annotations" name="women" time="0.001"/>
</testsuite> <!-- com.testng.Simple_Annotations -->
